Thu Nov 02 2023 22:0:14 } [UMS] error: Global error handler:  [
  {
    "code": "invalid_type",
    "expected": "string",
    "received": "undefined",
    "path": [
      "body",
      "role"
    ],
    "message": "role is required "
  },
  {
    "code": "invalid_type",
    "expected": "string",
    "received": "undefined",
    "path": [
      "body",
      "password"
    ],
    "message": "password is required "
  }
]
Thu Nov 02 2023 22:0:30 } [UMS] error: Global error handler:  [
  {
    "code": "invalid_type",
    "expected": "string",
    "received": "undefined",
    "path": [
      "body",
      "role"
    ],
    "message": "role is required "
  },
  {
    "code": "invalid_type",
    "expected": "string",
    "received": "undefined",
    "path": [
      "body",
      "password"
    ],
    "message": "password is required "
  }
]
Thu Nov 02 2023 22:1:16 } [UMS] error: Global error handler:  [
  {
    "code": "invalid_type",
    "expected": "string",
    "received": "undefined",
    "path": [
      "body",
      "role"
    ],
    "message": "role is required "
  },
  {
    "code": "invalid_type",
    "expected": "string",
    "received": "undefined",
    "path": [
      "body",
      "password"
    ],
    "message": "password is required "
  }
]
Thu Nov 02 2023 22:1:28 } [UMS] error: Global error handler:  [
  {
    "code": "invalid_type",
    "expected": "string",
    "received": "undefined",
    "path": [
      "body",
      "role"
    ],
    "message": "role is required "
  },
  {
    "code": "invalid_type",
    "expected": "string",
    "received": "undefined",
    "path": [
      "body",
      "password"
    ],
    "message": "password is required "
  }
]
Thu Nov 02 2023 22:7:10 } [UMS] error: Cannot set properties of undefined (setting 'id')
Thu Nov 02 2023 22:11:2 } [UMS] error: Global error handler:  [
  {
    "code": "invalid_type",
    "expected": "number",
    "received": "string",
    "path": [
      "body",
      "year"
    ],
    "message": "Expected number, received string"
  }
]
Thu Nov 02 2023 22:11:45 } [UMS] error: Global error handler:  Academic semester is already exist !
Thu Nov 02 2023 22:11:58 } [UMS] error: Global error handler:  Invalid Code
Thu Nov 02 2023 22:12:14 } [UMS] error: Global error handler:  Invalid Code
Thu Nov 02 2023 22:14:15 } [UMS] error: Global error handler:  [
  {
    "code": "invalid_type",
    "expected": "number",
    "received": "string",
    "path": [
      "body",
      "password"
    ],
    "message": "Expected number, received string"
  }
]
Thu Nov 02 2023 22:17:2 } [UMS] error: Cannot set properties of undefined (setting 'id')
Thu Nov 02 2023 22:21:8 } [UMS] error: Cannot set properties of undefined (setting 'id')
Thu Nov 02 2023 22:24:18 } [UMS] error: Cannot set properties of undefined (setting 'id')
Thu Nov 02 2023 22:29:5 } [UMS] error: Global error handler:  [
  {
    "code": "invalid_type",
    "expected": "string",
    "received": "undefined",
    "path": [
      "body",
      "role"
    ],
    "message": "role is required"
  }
]
Thu Nov 02 2023 22:33:5 } [UMS] error: Global error handler:  [
  {
    "code": "invalid_type",
    "expected": "string",
    "received": "undefined",
    "path": [
      "body",
      "role"
    ],
    "message": "role is required"
  }
]
Thu Nov 02 2023 22:34:41 } [UMS] error: Global error handler:  [
  {
    "code": "invalid_type",
    "expected": "string",
    "received": "undefined",
    "path": [
      "body",
      "role"
    ],
    "message": "role is required"
  }
]
Thu Nov 02 2023 22:34:57 } [UMS] error: Global error handler:  [
  {
    "code": "invalid_type",
    "expected": "string",
    "received": "undefined",
    "path": [
      "body",
      "role"
    ],
    "message": "role is required"
  }
]
Thu Nov 02 2023 22:40:20 } [UMS] error: Global error handler:  [
  {
    "code": "invalid_type",
    "expected": "string",
    "received": "undefined",
    "path": [
      "body",
      "role"
    ],
    "message": "role is required"
  }
]
Thu Nov 02 2023 22:44:35 } [UMS] error: Cannot set properties of undefined (setting 'id')
